#===============================================================================
# Copyright 2006-2017 Intel Corporation All Rights Reserved.
#
# The source code,  information  and material  ("Material") contained  herein is
# owned by Intel Corporation or its  suppliers or licensors,  and  title to such
# Material remains with Intel  Corporation or its  suppliers or  licensors.  The
# Material  contains  proprietary  information  of  Intel or  its suppliers  and
# licensors.  The Material is protected by  worldwide copyright  laws and treaty
# provisions.  No part  of  the  Material   may  be  used,  copied,  reproduced,
# modified, published,  uploaded, posted, transmitted,  distributed or disclosed
# in any way without Intel's prior express written permission.  No license under
# any patent,  copyright or other  intellectual property rights  in the Material
# is granted to  or  conferred  upon  you,  either   expressly,  by implication,
# inducement,  estoppel  or  otherwise.  Any  license   under such  intellectual
# property rights must be express and approved by Intel in writing.
#
# Unless otherwise agreed by Intel in writing,  you may not remove or alter this
# notice or  any  other  notice   embedded  in  Materials  by  Intel  or Intel's
# suppliers or licensors in any way.
#===============================================================================

src_blas95 = \
caxpby+ \
caxpy+ \
caxpyi+ \
ccopy+ \
cdotc+ \
cdotci+ \
cdotu+ \
cdotui+ \
cgbmv+ \
cgem2vc+ \
cgemm+ \
cgemm_batch+ \
cgemm3m+ \
cgemm3m_batch+ \
cgemmt+ \
cgemv+ \
cgerc+ \
cgeru+ \
cgthr+ \
cgthrz+ \
chbmv+ \
chemm+ \
chemv+ \
cher+ \
cher2+ \
cher2k+ \
cherk+ \
chpmv+ \
chpr+ \
chpr2+ \
crotg+ \
cscal+ \
csctr+ \
csrot+ \
csscal+ \
cswap+ \
csymm+ \
csyr2k+ \
csyrk+ \
ctbmv+ \
ctbsv+ \
ctpmv+ \
ctpsv+ \
ctrmm+ \
ctrmv+ \
ctrsm+ \
ctrsv+ \
dasum+ \
daxpby+ \
daxpy+ \
daxpyi+ \
dcabs1+ \
dcopy+ \
ddot+ \
ddoti+ \
dgbmv+ \
dgem2vu+ \
dgemm+ \
dgemm_batch+ \
dgemmt+ \
dgemv+ \
dger+ \
dgthr+ \
dgthrz+ \
dnrm2+ \
drot+ \
droti+ \
drotm+ \
drotmg+ \
drotg+ \
dsbmv+ \
dscal+ \
dsctr+ \
dsdot+ \
dspmv+ \
dspr+ \
dspr2+ \
dswap+ \
dsymm+ \
dsymv+ \
dsyr+ \
dsyr2+ \
dsyr2k+ \
dsyrk+ \
dtbmv+ \
dtbsv+ \
dtpmv+ \
dtpsv+ \
dtrmm+ \
dtrmv+ \
dtrsm+ \
dtrsv+ \
dzasum+ \
dzgemm+ \
dzgemv+ \
dznrm2+ \
icamax+ \
icamin+ \
idamax+ \
idamin+ \
isamax+ \
isamin+ \
izamax+ \
izamin+ \
sasum+ \
saxpby+ \
saxpy+ \
saxpyi+ \
scasum+ \
scgemm+ \
scgemv+ \
scnrm2+ \
scopy+ \
scabs1+ \
sdot+ \
sdoti+ \
sdsdot+ \
sgbmv+ \
sgem2vu+ \
sgemm+ \
sgemm_batch+ \
sgemmt+ \
sgemv+ \
sger+ \
sgthr+ \
sgthrz+ \
snrm2+ \
srot+ \
sroti+ \
srotm+ \
srotmg+ \
srotg+ \
ssbmv+ \
sscal+ \
ssctr+ \
sspmv+ \
sspr+ \
sspr2+ \
sswap+ \
ssymm+ \
ssymv+ \
ssyr+ \
ssyr2+ \
ssyr2k+ \
ssyrk+ \
stbmv+ \
stbsv+ \
stpmv+ \
stpsv+ \
strmm+ \
strmv+ \
strsm+ \
strsv+ \
zaxpby+ \
zaxpy+ \
zaxpyi+ \
zcopy+ \
zdotc+ \
zdotci+ \
zdotu+ \
zdotui+ \
zdrot+ \
zdscal+ \
zgbmv+ \
zgem2vc+ \
zgemm+ \
zgemm_batch+ \
zgemm3m+ \
zgemm3m_batch+ \
zgemmt+ \
zgemv+ \
zgerc+ \
zgeru+ \
zgthr+ \
zgthrz+ \
zhbmv+ \
zhemm+ \
zhemv+ \
zher+ \
zher2+ \
zher2k+ \
zherk+ \
zhpmv+ \
zhpr+ \
zhpr2+ \
zrotg+ \
zscal+ \
zsctr+ \
zswap+ \
zsymm+ \
zsyr2k+ \
zsyrk+ \
ztbmv+ \
ztbsv+ \
ztpmv+ \
ztpsv+ \
ztrmm+ \
ztrmv+ \
ztrsm+ \
ztrsv+
